2020-10-08 01:08:33,900 [Worker-6: Loading available Gradle versions] INFO  c.g.t.t.d.PublishedGradleVersions - Gradle version information cache is up-to-date. Trying to read.
2020-10-08 01:10:15,659 [Worker-13: Building workspace] INFO  o.e.m.c.i.l.LifecycleMappingFactory - Using org.eclipse.m2e.jdt.JarLifecycleMapping lifecycle mapping for MavenProject: com.etrading:Skillkart:1.0 @ E:\QSpiders\Selenium\Maven\Maven Workspace\Skillkart\Skillkart\pom.xml.
2020-10-08 01:10:17,062 [Worker-13: Building workspace] INFO  o.e.m.c.i.embedder.EclipseLogger - Using 'UTF-8' encoding to copy filtered resources.
2020-10-08 01:10:17,062 [Worker-13: Building workspace] INFO  o.e.m.c.i.embedder.EclipseLogger - skip non existing resourceDirectory E:\QSpiders\Selenium\Maven\Maven Workspace\Skillkart\Skillkart\src\main\resources
2020-10-08 01:10:17,065 [Worker-13: Building workspace] INFO  o.e.m.c.i.embedder.EclipseLogger - Using 'UTF-8' encoding to copy filtered resources.
2020-10-08 01:10:17,065 [Worker-13: Building workspace] INFO  o.e.m.c.i.embedder.EclipseLogger - skip non existing resourceDirectory E:\QSpiders\Selenium\Maven\Maven Workspace\Skillkart\Skillkart\src\test\resources
2020-10-08 01:10:17,810 [Worker-4: Updating Maven Dependencies] INFO  o.e.m.c.i.l.LifecycleMappingFactory - Using org.eclipse.m2e.jdt.JarLifecycleMapping lifecycle mapping for MavenProject: com.etrading:Skillkart:1.0 @ E:\QSpiders\Selenium\Maven\Maven Workspace\Skillkart\Skillkart\pom.xml.
2020-10-08 01:10:19,006 [Worker-12: Building workspace] INFO  o.e.m.c.i.embedder.EclipseLogger - Using 'UTF-8' encoding to copy filtered resources.
2020-10-08 01:10:19,006 [Worker-12: Building workspace] INFO  o.e.m.c.i.embedder.EclipseLogger - skip non existing resourceDirectory E:\QSpiders\Selenium\Maven\Maven Workspace\Skillkart\Skillkart\src\main\resources
2020-10-08 01:10:19,008 [Worker-12: Building workspace] INFO  o.e.m.c.i.embedder.EclipseLogger - Using 'UTF-8' encoding to copy filtered resources.
2020-10-08 01:10:19,008 [Worker-12: Building workspace] INFO  o.e.m.c.i.embedder.EclipseLogger - skip non existing resourceDirectory E:\QSpiders\Selenium\Maven\Maven Workspace\Skillkart\Skillkart\src\test\resources
2020-10-08 01:10:49,022 [Worker-6: Building workspace] INFO  o.e.m.c.i.embedder.EclipseLogger - Using 'UTF-8' encoding to copy filtered resources.
2020-10-08 01:10:49,022 [Worker-6: Building workspace] INFO  o.e.m.c.i.embedder.EclipseLogger - skip non existing resourceDirectory E:\QSpiders\Selenium\Maven\Maven Workspace\Skillkart\Skillkart\src\main\resources
2020-10-08 01:10:49,023 [Worker-6: Building workspace] INFO  o.e.m.c.i.embedder.EclipseLogger - Using 'UTF-8' encoding to copy filtered resources.
2020-10-08 01:10:49,023 [Worker-6: Building workspace] INFO  o.e.m.c.i.embedder.EclipseLogger - skip non existing resourceDirectory E:\QSpiders\Selenium\Maven\Maven Workspace\Skillkart\Skillkart\src\test\resources
2020-10-08 01:12:01,791 [Worker-8: Building workspace] INFO  o.e.m.c.i.embedder.EclipseLogger - Using 'UTF-8' encoding to copy filtered resources.
2020-10-08 01:12:01,791 [Worker-8: Building workspace] INFO  o.e.m.c.i.embedder.EclipseLogger - skip non existing resourceDirectory E:\QSpiders\Selenium\Maven\Maven Workspace\Skillkart\Skillkart\src\main\resources
2020-10-08 01:12:01,792 [Worker-8: Building workspace] INFO  o.e.m.c.i.embedder.EclipseLogger - Using 'UTF-8' encoding to copy filtered resources.
2020-10-08 01:12:01,793 [Worker-8: Building workspace] INFO  o.e.m.c.i.embedder.EclipseLogger - skip non existing resourceDirectory E:\QSpiders\Selenium\Maven\Maven Workspace\Skillkart\Skillkart\src\test\resources
2020-10-08 01:12:24,542 [Worker-5: Launching Executing test in E__QSpiders_Selenium_Maven_Maven Workspace_Skillkart_Skillkart] INFO  o.e.m.i.launch.MavenLaunchDelegate - E:\QSpiders\Selenium\Maven\Maven Workspace\Skillkart\Skillkart
2020-10-08 01:12:24,543 [Worker-5: Launching Executing test in E__QSpiders_Selenium_Maven_Maven Workspace_Skillkart_Skillkart] INFO  o.e.m.i.launch.MavenLaunchDelegate -  mvn -B test
2020-10-08 01:13:03,498 [Worker-4: Building workspace] INFO  o.e.m.c.i.embedder.EclipseLogger - Using 'UTF-8' encoding to copy filtered resources.
2020-10-08 01:13:03,499 [Worker-4: Building workspace] INFO  o.e.m.c.i.embedder.EclipseLogger - skip non existing resourceDirectory E:\QSpiders\Selenium\Maven\Maven Workspace\Skillkart\Skillkart\src\main\resources
2020-10-08 01:13:03,499 [Worker-4: Building workspace] INFO  o.e.m.c.i.embedder.EclipseLogger - Using 'UTF-8' encoding to copy filtered resources.
2020-10-08 01:13:03,499 [Worker-4: Building workspace] INFO  o.e.m.c.i.embedder.EclipseLogger - skip non existing resourceDirectory E:\QSpiders\Selenium\Maven\Maven Workspace\Skillkart\Skillkart\src\test\resources
2020-10-08 01:13:56,266 [Worker-10: Building workspace] INFO  o.e.m.c.i.embedder.EclipseLogger - Using 'UTF-8' encoding to copy filtered resources.
2020-10-08 01:13:56,267 [Worker-10: Building workspace] INFO  o.e.m.c.i.embedder.EclipseLogger - skip non existing resourceDirectory E:\QSpiders\Selenium\Maven\Maven Workspace\Skillkart\Skillkart\src\main\resources
2020-10-08 01:13:56,267 [Worker-10: Building workspace] INFO  o.e.m.c.i.embedder.EclipseLogger - Using 'UTF-8' encoding to copy filtered resources.
2020-10-08 01:13:56,267 [Worker-10: Building workspace] INFO  o.e.m.c.i.embedder.EclipseLogger - skip non existing resourceDirectory E:\QSpiders\Selenium\Maven\Maven Workspace\Skillkart\Skillkart\src\test\resources
2020-10-08 01:14:22,599 [Worker-2: Building workspace] INFO  o.e.m.c.i.embedder.EclipseLogger - Using 'UTF-8' encoding to copy filtered resources.
2020-10-08 01:14:22,599 [Worker-2: Building workspace] INFO  o.e.m.c.i.embedder.EclipseLogger - skip non existing resourceDirectory E:\QSpiders\Selenium\Maven\Maven Workspace\Skillkart\Skillkart\src\main\resources
2020-10-08 01:14:22,601 [Worker-2: Building workspace] INFO  o.e.m.c.i.embedder.EclipseLogger - Using 'UTF-8' encoding to copy filtered resources.
2020-10-08 01:14:22,601 [Worker-2: Building workspace] INFO  o.e.m.c.i.embedder.EclipseLogger - skip non existing resourceDirectory E:\QSpiders\Selenium\Maven\Maven Workspace\Skillkart\Skillkart\src\test\resources
2020-10-08 01:15:43,591 [Worker-14: Resolving model org.eclipse.recommenders:index::zip:0.0.0] WARN  o.e.r.models.ModelRepository - Failed to download org.eclipse.recommenders:index::zip:0.0.0
org.eclipse.aether.resolution.ArtifactResolutionException: Could not find artifact org.eclipse.recommenders:index:zip:0.0.0-SNAPSHOT in models (http://download.eclipse.org/recommenders/models/photon/)
	at org.eclipse.aether.internal.impl.DefaultArtifactResolver.resolve(DefaultArtifactResolver.java:453) ~[na:na]
	at org.eclipse.aether.internal.impl.DefaultArtifactResolver.resolveArtifacts(DefaultArtifactResolver.java:255) ~[na:na]
	at org.eclipse.aether.internal.impl.DefaultArtifactResolver.resolveArtifact(DefaultArtifactResolver.java:232) ~[na:na]
	at org.eclipse.aether.internal.impl.DefaultRepositorySystem.resolveArtifact(DefaultRepositorySystem.java:303) ~[na:na]
	at org.eclipse.recommenders.models.ModelRepository.resolveInternal(ModelRepository.java:193) [org.eclipse.recommenders.models_2.5.3.v20180609-1554.jar:na]
	at org.eclipse.recommenders.models.ModelRepository.resolve(ModelRepository.java:172) [org.eclipse.recommenders.models_2.5.3.v20180609-1554.jar:na]
	at org.eclipse.recommenders.internal.models.rcp.EclipseModelRepository.resolve(EclipseModelRepository.java:168) [org.eclipse.recommenders.models.rcp_2.5.3.v20180609-1554.jar:na]
	at org.eclipse.recommenders.internal.models.rcp.DownloadModelArchiveJob.run(DownloadModelArchiveJob.java:76) [org.eclipse.recommenders.models.rcp_2.5.3.v20180609-1554.jar:na]
	at org.eclipse.core.internal.jobs.Worker.run(Worker.java:60) [org.eclipse.core.jobs_3.10.0.v20180427-1454.jar:na]
Caused by: org.eclipse.aether.transfer.ArtifactNotFoundException: Could not find artifact org.eclipse.recommenders:index:zip:0.0.0-SNAPSHOT in models (http://download.eclipse.org/recommenders/models/photon/)
	at org.eclipse.aether.connector.basic.ArtifactTransportListener.transferFailed(ArtifactTransportListener.java:48) ~[org.apache.maven.resolver.connector.basic_1.0.3.v20170405-0725.jar:1.0.3]
	at org.eclipse.aether.connector.basic.BasicRepositoryConnector$TaskRunner.run(BasicRepositoryConnector.java:364) ~[org.apache.maven.resolver.connector.basic_1.0.3.v20170405-0725.jar:1.0.3]
	at org.eclipse.aether.util.concurrency.RunnableErrorForwarder$1.run(RunnableErrorForwarder.java:76) ~[na:na]
	at org.eclipse.aether.connector.basic.BasicRepositoryConnector$DirectExecutor.execute(BasicRepositoryConnector.java:590) ~[org.apache.maven.resolver.connector.basic_1.0.3.v20170405-0725.jar:1.0.3]
	at org.eclipse.aether.connector.basic.BasicRepositoryConnector.get(BasicRepositoryConnector.java:258) ~[org.apache.maven.resolver.connector.basic_1.0.3.v20170405-0725.jar:1.0.3]
	at org.eclipse.aether.internal.impl.DefaultArtifactResolver.performDownloads(DefaultArtifactResolver.java:529) ~[na:na]
	at org.eclipse.aether.internal.impl.DefaultArtifactResolver.resolve(DefaultArtifactResolver.java:430) ~[na:na]
	... 8 common frames omitted
2020-10-08 01:16:57,097 [Worker-13: Building workspace] INFO  o.e.m.c.i.embedder.EclipseLogger - Using 'UTF-8' encoding to copy filtered resources.
2020-10-08 01:16:57,098 [Worker-13: Building workspace] INFO  o.e.m.c.i.embedder.EclipseLogger - skip non existing resourceDirectory E:\QSpiders\Selenium\Maven\Maven Workspace\Skillkart\Skillkart\src\main\resources
2020-10-08 01:16:57,099 [Worker-13: Building workspace] INFO  o.e.m.c.i.embedder.EclipseLogger - Using 'UTF-8' encoding to copy filtered resources.
2020-10-08 01:16:57,099 [Worker-13: Building workspace] INFO  o.e.m.c.i.embedder.EclipseLogger - skip non existing resourceDirectory E:\QSpiders\Selenium\Maven\Maven Workspace\Skillkart\Skillkart\src\test\resources
2020-10-08 01:17:44,581 [Worker-4: Building workspace] INFO  o.e.m.c.i.embedder.EclipseLogger - Using 'UTF-8' encoding to copy filtered resources.
2020-10-08 01:17:44,581 [Worker-4: Building workspace] INFO  o.e.m.c.i.embedder.EclipseLogger - skip non existing resourceDirectory E:\QSpiders\Selenium\Maven\Maven Workspace\Skillkart\Skillkart\src\main\resources
2020-10-08 01:17:44,583 [Worker-4: Building workspace] INFO  o.e.m.c.i.embedder.EclipseLogger - Using 'UTF-8' encoding to copy filtered resources.
2020-10-08 01:17:44,583 [Worker-4: Building workspace] INFO  o.e.m.c.i.embedder.EclipseLogger - skip non existing resourceDirectory E:\QSpiders\Selenium\Maven\Maven Workspace\Skillkart\Skillkart\src\test\resources
2020-10-08 02:05:19,399 [Worker-3: Loading available Gradle versions] INFO  c.g.t.t.d.PublishedGradleVersions - Gradle version information cache is up-to-date. Trying to read.
2020-10-08 02:05:22,288 [Worker-12: Building workspace] INFO  o.e.m.c.i.embedder.EclipseLogger - Using 'UTF-8' encoding to copy filtered resources.
2020-10-08 02:05:22,289 [Worker-12: Building workspace] INFO  o.e.m.c.i.embedder.EclipseLogger - skip non existing resourceDirectory E:\QSpiders\Selenium\Maven\Maven Workspace\Skillkart\Skillkart\src\main\resources
2020-10-08 02:05:22,293 [Worker-12: Building workspace] INFO  o.e.m.c.i.embedder.EclipseLogger - Using 'UTF-8' encoding to copy filtered resources.
2020-10-08 02:05:22,293 [Worker-12: Building workspace] INFO  o.e.m.c.i.embedder.EclipseLogger - skip non existing resourceDirectory E:\QSpiders\Selenium\Maven\Maven Workspace\Skillkart\Skillkart\src\test\resources
2020-10-08 02:05:41,129 [Worker-10: Building workspace] INFO  o.e.m.c.i.embedder.EclipseLogger - Using 'UTF-8' encoding to copy filtered resources.
2020-10-08 02:05:41,129 [Worker-10: Building workspace] INFO  o.e.m.c.i.embedder.EclipseLogger - skip non existing resourceDirectory E:\QSpiders\Selenium\Maven\Maven Workspace\Skillkart\Skillkart\src\main\resources
2020-10-08 02:05:41,133 [Worker-10: Building workspace] INFO  o.e.m.c.i.embedder.EclipseLogger - Using 'UTF-8' encoding to copy filtered resources.
2020-10-08 02:05:41,133 [Worker-10: Building workspace] INFO  o.e.m.c.i.embedder.EclipseLogger - skip non existing resourceDirectory E:\QSpiders\Selenium\Maven\Maven Workspace\Skillkart\Skillkart\src\test\resources
2020-10-08 02:05:49,608 [Worker-3: Launching Executing test in E__QSpiders_Selenium_Maven_Maven Workspace_Skillkart_Skillkart] INFO  o.e.m.i.launch.MavenLaunchDelegate - E:\QSpiders\Selenium\Maven\Maven Workspace\Skillkart\Skillkart
2020-10-08 02:05:49,610 [Worker-3: Launching Executing test in E__QSpiders_Selenium_Maven_Maven Workspace_Skillkart_Skillkart] INFO  o.e.m.i.launch.MavenLaunchDelegate -  mvn -B test
2020-10-08 12:14:57,446 [Worker-7: Loading available Gradle versions] INFO  c.g.t.t.d.PublishedGradleVersions - Gradle version information cache is up-to-date. Trying to read.
2020-10-08 12:15:00,713 [Worker-0: Building workspace] INFO  o.e.m.c.i.embedder.EclipseLogger - Using 'UTF-8' encoding to copy filtered resources.
2020-10-08 12:15:00,715 [Worker-0: Building workspace] INFO  o.e.m.c.i.embedder.EclipseLogger - skip non existing resourceDirectory E:\QSpiders\Selenium\Maven\Maven Workspace\Skillkart\Skillkart\src\main\resources
2020-10-08 12:15:00,718 [Worker-0: Building workspace] INFO  o.e.m.c.i.embedder.EclipseLogger - Using 'UTF-8' encoding to copy filtered resources.
2020-10-08 12:15:00,718 [Worker-0: Building workspace] INFO  o.e.m.c.i.embedder.EclipseLogger - skip non existing resourceDirectory E:\QSpiders\Selenium\Maven\Maven Workspace\Skillkart\Skillkart\src\test\resources
2020-10-08 13:11:09,434 [Worker-1: Loading available Gradle versions] INFO  c.g.t.t.d.PublishedGradleVersions - Gradle version information cache is up-to-date. Trying to read.
2020-10-08 13:11:12,549 [Worker-12: Building workspace] INFO  o.e.m.c.i.embedder.EclipseLogger - Using 'UTF-8' encoding to copy filtered resources.
2020-10-08 13:11:12,551 [Worker-12: Building workspace] INFO  o.e.m.c.i.embedder.EclipseLogger - skip non existing resourceDirectory E:\QSpiders\Selenium\Maven\Maven Workspace\Skillkart\Skillkart\src\main\resources
2020-10-08 13:11:12,555 [Worker-12: Building workspace] INFO  o.e.m.c.i.embedder.EclipseLogger - Using 'UTF-8' encoding to copy filtered resources.
2020-10-08 13:11:12,555 [Worker-12: Building workspace] INFO  o.e.m.c.i.embedder.EclipseLogger - skip non existing resourceDirectory E:\QSpiders\Selenium\Maven\Maven Workspace\Skillkart\Skillkart\src\test\resources
2020-10-08 13:11:16,505 [Worker-1: Launching Executing test in E__QSpiders_Selenium_Maven_Maven Workspace_Skillkart_Skillkart] INFO  o.e.m.i.launch.MavenLaunchDelegate - E:\QSpiders\Selenium\Maven\Maven Workspace\Skillkart\Skillkart
2020-10-08 13:11:16,507 [Worker-1: Launching Executing test in E__QSpiders_Selenium_Maven_Maven Workspace_Skillkart_Skillkart] INFO  o.e.m.i.launch.MavenLaunchDelegate -  mvn -B test
